2022-07-25 13:46:33 INFO::Writing function arguments to log file
2022-07-25 13:46:33 DEBUG::Function arguments
2022-07-25 13:46:33 DEBUG::Output folder: ../result/taxa/maaslin2/Week6_ASV
2022-07-25 13:46:33 DEBUG::Min Abundance: 0.000000
2022-07-25 13:46:33 DEBUG::Min Prevalence: 0.100000
2022-07-25 13:46:33 DEBUG::Normalization: TSS
2022-07-25 13:46:33 DEBUG::Transform: LOG
2022-07-25 13:46:33 DEBUG::Analysis method: LM
2022-07-25 13:46:33 DEBUG::Max significance: 0.100000
2022-07-25 13:46:33 DEBUG::Random effects:
2022-07-25 13:46:33 DEBUG::Fixed effects: BirthMode,Sex
2022-07-25 13:46:33 DEBUG::Correction method: BH
2022-07-25 13:46:33 DEBUG::Standardize: TRUE
2022-07-25 13:46:33 DEBUG::Cores: 4
2022-07-25 13:46:33 INFO::Verifying options selected are valid
2022-07-25 13:46:33 INFO::Determining format of input files
2022-07-25 13:46:33 INFO::Input format is data samples as rows and metadata samples as rows
2022-07-25 13:46:33 DEBUG::A total of 74 samples were found in both the data and metadata
2022-07-25 13:46:33 DEBUG::Reordering data/metadata to use same sample ordering
2022-07-25 13:46:33 INFO::Formula for fixed effects: expr ~  BirthMode + Sex
2022-07-25 13:46:33 INFO::Filter data based on min abundance and min prevalence
2022-07-25 13:46:33 INFO::Total samples in data: 74
2022-07-25 13:46:33 INFO::Min samples required with min abundance for a feature not to be filtered: 7.400000
2022-07-25 13:46:33 INFO::Total filtered features: 1326
2022-07-25 13:46:33 INFO::Filtered feature names from abundance and prevalence filtering:
2022-07-25 13:46:33 INFO::Total filtered features with variance filtering: 0
2022-07-25 13:46:33 INFO::Filtered feature names from variance filtering:
2022-07-25 13:46:33 INFO::Running selected normalization method: TSS
2022-07-25 13:46:33 INFO::Applying z-score to standardize continuous metadata
2022-07-25 13:46:33 INFO::Running selected transform method: LOG
2022-07-25 13:46:33 INFO::Running selected analysis method: LM
2022-07-25 13:46:33 INFO::Creating cluster of 4 R processes
2022-07-25 13:46:41 INFO::Counting total values for each feature
2022-07-25 13:46:41 INFO::Writing residuals to file ../result/taxa/maaslin2/Week6_ASV/residuals.rds
2022-07-25 13:46:41 INFO::Writing fitted values to file ../result/taxa/maaslin2/Week6_ASV/fitted.rds
2022-07-25 13:46:41 INFO::Writing all results to file (ordered by increasing q-values): ../result/taxa/maaslin2/Week6_ASV/all_results.tsv
2022-07-25 13:46:41 INFO::Writing the significant results (those which are less than or equal to the threshold of 0.100000 ) to file (ordered by increasing q-values): ../result/taxa/maaslin2/Week6_ASV/significant_results.tsv
