2022-07-25 13:44:45 INFO::Writing function arguments to log file
2022-07-25 13:44:45 DEBUG::Function arguments
2022-07-25 13:44:45 DEBUG::Output folder: ../result/taxa/maaslin2/All_Age_group_Species
2022-07-25 13:44:45 DEBUG::Min Abundance: 0.000000
2022-07-25 13:44:45 DEBUG::Min Prevalence: 0.100000
2022-07-25 13:44:45 DEBUG::Normalization: TSS
2022-07-25 13:44:45 DEBUG::Transform: LOG
2022-07-25 13:44:45 DEBUG::Analysis method: LM
2022-07-25 13:44:45 DEBUG::Max significance: 0.100000
2022-07-25 13:44:45 DEBUG::Random effects: MouseID
2022-07-25 13:44:45 DEBUG::Fixed effects: BirthMode,Sex,Age_group
2022-07-25 13:44:45 DEBUG::Correction method: BH
2022-07-25 13:44:45 DEBUG::Standardize: TRUE
2022-07-25 13:44:45 DEBUG::Cores: 4
2022-07-25 13:44:45 INFO::Verifying options selected are valid
2022-07-25 13:44:45 INFO::Determining format of input files
2022-07-25 13:44:45 INFO::Input format is data samples as rows and metadata samples as rows
2022-07-25 13:44:45 DEBUG::A total of 280 samples were found in both the data and metadata
2022-07-25 13:44:45 DEBUG::Reordering data/metadata to use same sample ordering
2022-07-25 13:44:45 INFO::Formula for random effects: expr ~ (1 | MouseID)
2022-07-25 13:44:45 INFO::Formula for fixed effects: expr ~  BirthMode + Sex + Age_group
2022-07-25 13:44:45 INFO::Filter data based on min abundance and min prevalence
2022-07-25 13:44:45 INFO::Total samples in data: 280
2022-07-25 13:44:45 INFO::Min samples required with min abundance for a feature not to be filtered: 28.000000
2022-07-25 13:44:45 INFO::Total filtered features: 167
2022-07-25 13:44:45 INFO::Filtered feature names from abundance and prevalence filtering:
2022-07-25 13:44:45 INFO::Total filtered features with variance filtering: 0
2022-07-25 13:44:45 INFO::Filtered feature names from variance filtering:
2022-07-25 13:44:45 INFO::Running selected normalization method: TSS
2022-07-25 13:44:45 INFO::Applying z-score to standardize continuous metadata
2022-07-25 13:44:45 INFO::Running selected transform method: LOG
2022-07-25 13:44:45 INFO::Running selected analysis method: LM
2022-07-25 13:44:45 INFO::Creating cluster of 4 R processes
2022-07-25 13:44:54 INFO::Counting total values for each feature
2022-07-25 13:44:55 INFO::Writing residuals to file ../result/taxa/maaslin2/All_Age_group_Species/residuals.rds
2022-07-25 13:44:55 INFO::Writing fitted values to file ../result/taxa/maaslin2/All_Age_group_Species/fitted.rds
2022-07-25 13:44:55 INFO::Writing extracted random effects to file ../result/taxa/maaslin2/All_Age_group_Species/ranef.rds
2022-07-25 13:44:55 INFO::Writing all results to file (ordered by increasing q-values): ../result/taxa/maaslin2/All_Age_group_Species/all_results.tsv
2022-07-25 13:44:55 INFO::Writing the significant results (those which are less than or equal to the threshold of 0.100000 ) to file (ordered by increasing q-values): ../result/taxa/maaslin2/All_Age_group_Species/significant_results.tsv
