2022-07-21 21:27:25 INFO::Writing function arguments to log file
2022-07-21 21:27:25 DEBUG::Function arguments
2022-07-21 21:27:25 DEBUG::Output folder: ../result/taxa/maaslin2/All_timepoint_Genus
2022-07-21 21:27:25 DEBUG::Min Abundance: 0.000000
2022-07-21 21:27:25 DEBUG::Min Prevalence: 0.100000
2022-07-21 21:27:25 DEBUG::Normalization: TSS
2022-07-21 21:27:25 DEBUG::Transform: LOG
2022-07-21 21:27:25 DEBUG::Analysis method: LM
2022-07-21 21:27:25 DEBUG::Max significance: 0.100000
2022-07-21 21:27:25 DEBUG::Random effects: MouseID
2022-07-21 21:27:25 DEBUG::Fixed effects: BirthMode,Sex,TimePoint
2022-07-21 21:27:25 DEBUG::Correction method: BH
2022-07-21 21:27:25 DEBUG::Standardize: TRUE
2022-07-21 21:27:25 DEBUG::Cores: 4
2022-07-21 21:27:25 INFO::Verifying options selected are valid
2022-07-21 21:27:25 INFO::Determining format of input files
2022-07-21 21:27:25 INFO::Input format is data samples as rows and metadata samples as rows
2022-07-21 21:27:25 DEBUG::A total of 280 samples were found in both the data and metadata
2022-07-21 21:27:25 DEBUG::Reordering data/metadata to use same sample ordering
2022-07-21 21:27:25 INFO::Formula for random effects: expr ~ (1 | MouseID)
2022-07-21 21:27:25 INFO::Formula for fixed effects: expr ~  BirthMode + Sex + TimePoint
2022-07-21 21:27:25 INFO::Filter data based on min abundance and min prevalence
2022-07-21 21:27:25 INFO::Total samples in data: 280
2022-07-21 21:27:25 INFO::Min samples required with min abundance for a feature not to be filtered: 28.000000
2022-07-21 21:27:25 INFO::Total filtered features: 100
2022-07-21 21:27:25 INFO::Filtered feature names from abundance and prevalence filtering:
2022-07-21 21:27:25 INFO::Total filtered features with variance filtering: 0
2022-07-21 21:27:25 INFO::Filtered feature names from variance filtering:
2022-07-21 21:27:25 INFO::Running selected normalization method: TSS
2022-07-21 21:27:25 INFO::Applying z-score to standardize continuous metadata
2022-07-21 21:27:25 INFO::Running selected transform method: LOG
2022-07-21 21:27:25 INFO::Running selected analysis method: LM
2022-07-21 21:27:25 INFO::Creating cluster of 4 R processes
2022-07-21 21:27:39 INFO::Counting total values for each feature
2022-07-21 21:27:39 INFO::Writing residuals to file ../result/taxa/maaslin2/All_timepoint_Genus/residuals.rds
2022-07-21 21:27:39 INFO::Writing fitted values to file ../result/taxa/maaslin2/All_timepoint_Genus/fitted.rds
2022-07-21 21:27:39 INFO::Writing extracted random effects to file ../result/taxa/maaslin2/All_timepoint_Genus/ranef.rds
2022-07-21 21:27:39 INFO::Writing all results to file (ordered by increasing q-values): ../result/taxa/maaslin2/All_timepoint_Genus/all_results.tsv
2022-07-21 21:27:39 INFO::Writing the significant results (those which are less than or equal to the threshold of 0.100000 ) to file (ordered by increasing q-values): ../result/taxa/maaslin2/All_timepoint_Genus/significant_results.tsv
