2022-07-25 13:48:51 INFO::Writing function arguments to log file
2022-07-25 13:48:51 DEBUG::Function arguments
2022-07-25 13:48:51 DEBUG::Output folder: ../result/taxa/maaslin2/Week18_Species
2022-07-25 13:48:51 DEBUG::Min Abundance: 0.000000
2022-07-25 13:48:51 DEBUG::Min Prevalence: 0.100000
2022-07-25 13:48:51 DEBUG::Normalization: TSS
2022-07-25 13:48:51 DEBUG::Transform: LOG
2022-07-25 13:48:51 DEBUG::Analysis method: LM
2022-07-25 13:48:51 DEBUG::Max significance: 0.100000
2022-07-25 13:48:51 DEBUG::Random effects:
2022-07-25 13:48:51 DEBUG::Fixed effects: BirthMode,Sex
2022-07-25 13:48:51 DEBUG::Correction method: BH
2022-07-25 13:48:51 DEBUG::Standardize: TRUE
2022-07-25 13:48:51 DEBUG::Cores: 4
2022-07-25 13:48:51 INFO::Verifying options selected are valid
2022-07-25 13:48:52 INFO::Determining format of input files
2022-07-25 13:48:52 INFO::Input format is data samples as rows and metadata samples as rows
2022-07-25 13:48:52 DEBUG::A total of 45 samples were found in both the data and metadata
2022-07-25 13:48:52 DEBUG::Reordering data/metadata to use same sample ordering
2022-07-25 13:48:52 INFO::Formula for fixed effects: expr ~  BirthMode + Sex
2022-07-25 13:48:52 INFO::Filter data based on min abundance and min prevalence
2022-07-25 13:48:52 INFO::Total samples in data: 45
2022-07-25 13:48:52 INFO::Min samples required with min abundance for a feature not to be filtered: 4.500000
2022-07-25 13:48:52 INFO::Total filtered features: 166
2022-07-25 13:48:52 INFO::Filtered feature names from abundance and prevalence filtering:
2022-07-25 13:48:52 INFO::Total filtered features with variance filtering: 0
2022-07-25 13:48:52 INFO::Filtered feature names from variance filtering:
2022-07-25 13:48:52 INFO::Running selected normalization method: TSS
2022-07-25 13:48:52 INFO::Applying z-score to standardize continuous metadata
2022-07-25 13:48:52 INFO::Running selected transform method: LOG
2022-07-25 13:48:52 INFO::Running selected analysis method: LM
2022-07-25 13:48:52 INFO::Creating cluster of 4 R processes
2022-07-25 13:48:56 INFO::Counting total values for each feature
2022-07-25 13:48:56 INFO::Writing residuals to file ../result/taxa/maaslin2/Week18_Species/residuals.rds
2022-07-25 13:48:56 INFO::Writing fitted values to file ../result/taxa/maaslin2/Week18_Species/fitted.rds
2022-07-25 13:48:56 INFO::Writing all results to file (ordered by increasing q-values): ../result/taxa/maaslin2/Week18_Species/all_results.tsv
2022-07-25 13:48:56 INFO::Writing the significant results (those which are less than or equal to the threshold of 0.100000 ) to file (ordered by increasing q-values): ../result/taxa/maaslin2/Week18_Species/significant_results.tsv
